#! /usr/local/bin/vvp
:ivl_version "12.0 (stable)";
:ivl_delay_selection "TYPICAL";
:vpi_time_precision + 0;
:vpi_module "/usr/local/lib/ivl/system.vpi";
:vpi_module "/usr/local/lib/ivl/vhdl_sys.vpi";
:vpi_module "/usr/local/lib/ivl/vhdl_textio.vpi";
:vpi_module "/usr/local/lib/ivl/v2005_math.vpi";
:vpi_module "/usr/local/lib/ivl/va_math.vpi";
:vpi_module "/usr/local/lib/ivl/v2009.vpi";
S_0x3e313ea0 .scope package, "$unit" "$unit" 2 1;
 .timescale 0 0;
S_0x3e314030 .scope module, "tb_comparator_4bit" "tb_comparator_4bit" 3 3;
 .timescale 0 0;
v0x3e328ae0_0 .var "A", 3 0;
v0x3e328bc0_0 .net "A_eq_B", 0 0, v0x3e3286c0_0;  1 drivers
v0x3e328c90_0 .net "A_gt_B", 0 0, v0x3e328780_0;  1 drivers
v0x3e328d90_0 .net "A_lt_B", 0 0, v0x3e328850_0;  1 drivers
v0x3e328e60_0 .var "B", 3 0;
S_0x3e2ed580 .scope module, "uut" "comparator_4bit" 3 7, 4 2 0, S_0x3e314030;
 .timescale 0 0;
    .port_info 0 /INPUT 4 "A";
    .port_info 1 /INPUT 4 "B";
    .port_info 2 /OUTPUT 1 "A_gt_B";
    .port_info 3 /OUTPUT 1 "A_eq_B";
    .port_info 4 /OUTPUT 1 "A_lt_B";
v0x3e2ed760_0 .net "A", 3 0, v0x3e328ae0_0;  1 drivers
v0x3e3286c0_0 .var "A_eq_B", 0 0;
v0x3e328780_0 .var "A_gt_B", 0 0;
v0x3e328850_0 .var "A_lt_B", 0 0;
v0x3e328910_0 .net "B", 3 0, v0x3e328e60_0;  1 drivers
E_0x3e2dbd20 .event anyedge, v0x3e2ed760_0, v0x3e328910_0;
    .scope S_0x3e2ed580;
T_0 ;
    %wait E_0x3e2dbd20;
    %load/vec4 v0x3e328910_0;
    %load/vec4 v0x3e2ed760_0;
    %cmp/u;
    %jmp/0xz  T_0.0, 5;
    %pushi/vec4 1, 0, 1;
    %store/vec4 v0x3e328780_0, 0, 1;
    %pushi/vec4 0, 0, 1;
    %store/vec4 v0x3e3286c0_0, 0, 1;
    %pushi/vec4 0, 0, 1;
    %store/vec4 v0x3e328850_0, 0, 1;
    %jmp T_0.1;
T_0.0 ;
    %load/vec4 v0x3e2ed760_0;
    %load/vec4 v0x3e328910_0;
    %cmp/e;
    %jmp/0xz  T_0.2, 4;
    %pushi/vec4 0, 0, 1;
    %store/vec4 v0x3e328780_0, 0, 1;
    %pushi/vec4 1, 0, 1;
    %store/vec4 v0x3e3286c0_0, 0, 1;
    %pushi/vec4 0, 0, 1;
    %store/vec4 v0x3e328850_0, 0, 1;
    %jmp T_0.3;
T_0.2 ;
    %pushi/vec4 0, 0, 1;
    %store/vec4 v0x3e328780_0, 0, 1;
    %pushi/vec4 0, 0, 1;
    %store/vec4 v0x3e3286c0_0, 0, 1;
    %pushi/vec4 1, 0, 1;
    %store/vec4 v0x3e328850_0, 0, 1;
T_0.3 ;
T_0.1 ;
    %jmp T_0;
    .thread T_0, $push;
    .scope S_0x3e314030;
T_1 ;
    %vpi_call/w 3 16 "$monitor", "Time=%0d, A=%b, B=%b => A>B=%b, A==B=%b, A<B=%b", $time, v0x3e328ae0_0, v0x3e328e60_0, v0x3e328c90_0, v0x3e328bc0_0, v0x3e328d90_0 {0 0 0};
    %pushi/vec4 0, 0, 4;
    %store/vec4 v0x3e328ae0_0, 0, 4;
    %pushi/vec4 0, 0, 4;
    %store/vec4 v0x3e328e60_0, 0, 4;
    %delay 10, 0;
    %pushi/vec4 9, 0, 4;
    %store/vec4 v0x3e328ae0_0, 0, 4;
    %pushi/vec4 6, 0, 4;
    %store/vec4 v0x3e328e60_0, 0, 4;
    %delay 10, 0;
    %pushi/vec4 4, 0, 4;
    %store/vec4 v0x3e328ae0_0, 0, 4;
    %pushi/vec4 8, 0, 4;
    %store/vec4 v0x3e328e60_0, 0, 4;
    %delay 10, 0;
    %pushi/vec4 15, 0, 4;
    %store/vec4 v0x3e328ae0_0, 0, 4;
    %pushi/vec4 15, 0, 4;
    %store/vec4 v0x3e328e60_0, 0, 4;
    %delay 10, 0;
    %pushi/vec4 3, 0, 4;
    %store/vec4 v0x3e328ae0_0, 0, 4;
    %pushi/vec4 4, 0, 4;
    %store/vec4 v0x3e328e60_0, 0, 4;
    %delay 10, 0;
    %vpi_call/w 3 25 "$finish" {0 0 0};
    %end;
    .thread T_1;
# The file index is used to find the file name in the following table.
:file_names 5;
    "N/A";
    "<interactive>";
    "-";
    "testbench.sv";
    "design.sv";
